#
# There is insufficient memory for the Java Runtime Environment to continue.
# Native memory allocation (mmap) failed to map 134217728 bytes for G1 virtual space
# Possible reasons:
#   The system is out of physical RAM or swap space
#   The process is running with CompressedOops enabled, and the Java Heap may be blocking the growth of the native heap
# Possible solutions:
#   Reduce memory load on the system
#   Increase physical memory or swap space
#   Check if swap backing store is full
#   Decrease Java heap size (-Xmx/-Xms)
#   Decrease number of Java threads
#   Decrease Java thread stack sizes (-Xss)
#   Set larger code cache with -XX:ReservedCodeCacheSize=
#   JVM is running with Unscaled Compressed Oops mode in which the Java heap is
#     placed in the first 4GB address space. The Java Heap base address is the
#     maximum limit for the native heap growth. Please use -XX:HeapBaseMinAddress
#     to set the Java Heap base and to place the Java Heap above 4GB virtual address.
# This output file may be truncated or incomplete.
#
#  Out of Memory Error (os_windows.cpp:3527), pid=2904, tid=10792
#
# JRE version:  (19.0.1+10) (build )
# Java VM: Java HotSpot(TM) 64-Bit Server VM (19.0.1+10-21, mixed mode, sharing, tiered, compressed oops, compressed class ptrs, g1 gc, windows-amd64)
# No core dump will be written. Minidumps are not enabled by default on client versions of Windows
#

---------------  S U M M A R Y ------------

Command Line: -Dmaven.multiModuleProjectDirectory=D:\mojtaba\gitProjects\redis-client -Dmaven.home=C:\Users\Nikam\.m2\wrapper\dists\apache-maven-3.8.6-bin\1ks0nkde5v1pk9vtc31i9d0lcd\apache-maven-3.8.6 -Dclassworlds.conf=C:\Users\Nikam\.m2\wrapper\dists\apache-maven-3.8.6-bin\1ks0nkde5v1pk9vtc31i9d0lcd\apache-maven-3.8.6\bin\m2.conf -Dmaven.ext.class.path=D:\mojtaba\JetBrains\IntelliJ IDEA 2022.2.1\plugins\maven\lib\maven-event-listener.jar -javaagent:D:\mojtaba\JetBrains\IntelliJ IDEA 2022.2.1\lib\idea_rt.jar=59518:D:\mojtaba\JetBrains\IntelliJ IDEA 2022.2.1\bin -Dfile.encoding=UTF-8 -Dsun.stdout.encoding=UTF-8 -Dsun.stderr.encoding=UTF-8 org.codehaus.classworlds.Launcher -Didea.version=2022.2.1 package

Host: Intel(R) Core(TM) i5-4200M CPU @ 2.50GHz, 4 cores, 7G,  Windows 8.1 , 64 bit Build 9600 (6.3.9600.17056)
Time: Sat Jan  7 00:18:42 2023 Iran Standard Time elapsed time: 0.077092 seconds (0d 0h 0m 0s)

---------------  T H R E A D  ---------------

Current thread (0x000000d7320d3d40):  JavaThread "Unknown thread" [_thread_in_vm, id=10792, stack(0x000000d730010000,0x000000d730110000)]

Stack: [0x000000d730010000,0x000000d730110000]
Native frames: (J=compiled Java code, j=interpreted, Vv=VM code, C=native code)
V  [jvm.dll+0x6ee8fa]
V  [jvm.dll+0x857a1e]
V  [jvm.dll+0x85940e]
V  [jvm.dll+0x859ac3]
V  [jvm.dll+0x28291f]
V  [jvm.dll+0x6eb6e9]
V  [jvm.dll+0x6e028a]
V  [jvm.dll+0x357136]
V  [jvm.dll+0x35eb96]
V  [jvm.dll+0x3b555e]
V  [jvm.dll+0x3b578f]
V  [jvm.dll+0x32c6ea]
V  [jvm.dll+0x32d59e]
V  [jvm.dll+0x821b20]
V  [jvm.dll+0x3c27c1]
V  [jvm.dll+0x8022f1]
V  [jvm.dll+0x44b30f]
V  [jvm.dll+0x44cc91]
C  [jli.dll+0x5287]
C  [ucrtbase.DLL+0x214c2]
C  [KERNEL32.DLL+0x16ad]
C  [ntdll.dll+0x74629]


---------------  P R O C E S S  ---------------

Threads class SMR info:
_java_thread_list=0x00007ffe378ed048, length=0, elements={
}

Java Threads: ( => current thread )

Other Threads:
  0x000000d732132b20 WorkerThread "GC Thread#0" [stack: 0x000000d731e90000,0x000000d731f90000] [id=10432]
  0x000000d7321438a0 ConcurrentGCThread "G1 Main Marker" [stack: 0x000000d74db30000,0x000000d74dc30000] [id=9808]
  0x000000d732144e90 WorkerThread "G1 Conc#0" [stack: 0x000000d74dc30000,0x000000d74dd30000] [id=8828]

[error occurred during error reporting (printing all threads), id 0xc0000005, EXCEPTION_ACCESS_VIOLATION (0xc0000005) at pc=0x00007ffe370ad127]

VM state: not at safepoint (not fully initialized)

VM Mutex/Monitor currently owned by a thread:  ([mutex/lock_event])
[0x000000d7320cf450] Heap_lock - owner thread: 0x000000d7320d3d40

Heap address: 0x0000000081c00000, size: 2020 MB, Compressed Oops mode: 32-bit

CDS archive(s) mapped at: [0x0000000000000000-0x0000000000000000-0x0000000000000000), size 0, SharedBaseAddress: 0x0000000800000000, ArchiveRelocationMode: 0.
Narrow klass base: 0x0000000000000000, Narrow klass shift: 0, Narrow klass range: 0x0

GC Precious Log:
 CardTable entry size: 512
 Card Set container configuration: InlinePtr #cards 5 size 8 Array Of Cards #cards 12 size 40 Howl #buckets 4 coarsen threshold 1843 Howl Bitmap #cards 512 size 80 coarsen threshold 460 Card regions per heap region 1 cards per card region 2048

Heap:
 garbage-first heap   total 0K, used 0K [0x0000000081c00000, 0x0000000100000000)
  region size 1024K, 0 young (0K), 0 survivors (0K)

[error occurred during error reporting (printing heap information), id 0xc0000005, EXCEPTION_ACCESS_VIOLATION (0xc0000005) at pc=0x00007ffe374b6959]

GC Heap History (0 events):
No events

Dll operation events (1 events):
Event: 0.006 Loaded shared library D:\mojtaba\jdk\bin\java.dll

Deoptimization events (0 events):
No events

Classes loaded (0 events):
No events

Classes unloaded (0 events):
No events

Classes redefined (0 events):
No events

Internal exceptions (0 events):
No events

VM Operations (0 events):
No events

Events (0 events):
No events


Dynamic libraries:
0x00007ff646fc0000 - 0x00007ff646fd0000 	D:\mojtaba\jdk\bin\java.exe
0x00007ffe826f0000 - 0x00007ffe8289a000 	C:\Windows\SYSTEM32\ntdll.dll
0x00007ffe825b0000 - 0x00007ffe826ea000 	C:\Windows\system32\KERNEL32.DLL
0x00007ffe7fe60000 - 0x00007ffe7ff6f000 	C:\Windows\system32\KERNELBASE.dll
0x00007ffe57d50000 - 0x00007ffe57d68000 	D:\mojtaba\jdk\bin\jli.dll
0x00007ffe57ad0000 - 0x00007ffe57aeb000 	D:\mojtaba\jdk\bin\VCRUNTIME140.dll
0x00007ffe57d40000 - 0x00007ffe57d44000 	D:\mojtaba\jdk\bin\api-ms-win-crt-stdio-l1-1-0.dll
0x00007ffe57d00000 - 0x00007ffe57d04000 	D:\mojtaba\jdk\bin\api-ms-win-crt-runtime-l1-1-0.dll
0x00007ffe57c60000 - 0x00007ffe57c63000 	D:\mojtaba\jdk\bin\api-ms-win-crt-environment-l1-1-0.dll
0x00007ffe57ac0000 - 0x00007ffe57ac5000 	D:\mojtaba\jdk\bin\api-ms-win-crt-math-l1-1-0.dll
0x00007ffe57ab0000 - 0x00007ffe57ab3000 	D:\mojtaba\jdk\bin\api-ms-win-crt-locale-l1-1-0.dll
0x00007ffe57aa0000 - 0x00007ffe57aa3000 	D:\mojtaba\jdk\bin\api-ms-win-crt-heap-l1-1-0.dll
0x00007ffe80c40000 - 0x00007ffe80ce5000 	C:\Windows\system32\ADVAPI32.dll
0x00007ffe7d5a0000 - 0x00007ffe7d7fa000 	C:\Windows\WinSxS\amd64_microsoft.windows.common-controls_6595b64144ccf1df_6.0.9600.17031_none_6242a4b3ecbb55a1\COMCTL32.dll
0x00007ffe80170000 - 0x00007ffe802e1000 	C:\Windows\system32\USER32.dll
0x00007ffe7ed50000 - 0x00007ffe7ed5a000 	C:\Windows\SYSTEM32\VERSION.dll
0x00007ffe57660000 - 0x00007ffe57663000 	D:\mojtaba\jdk\bin\api-ms-win-crt-filesystem-l1-1-0.dll
0x00007ffe57650000 - 0x00007ffe57654000 	D:\mojtaba\jdk\bin\api-ms-win-crt-string-l1-1-0.dll
0x00007ffe55dc0000 - 0x00007ffe55dc4000 	D:\mojtaba\jdk\bin\api-ms-win-crt-convert-l1-1-0.dll
0x00007ffe80690000 - 0x00007ffe80737000 	C:\Windows\system32\msvcrt.dll
0x00007ffe82400000 - 0x00007ffe82457000 	C:\Windows\SYSTEM32\sechost.dll
0x00007ffe821d0000 - 0x00007ffe82306000 	C:\Windows\system32\RPCRT4.dll
0x00007ffe82460000 - 0x00007ffe825a5000 	C:\Windows\system32\GDI32.dll
0x00007ffe55320000 - 0x00007ffe55420000 	D:\mojtaba\jdk\bin\ucrtbase.DLL
0x00007ffe82310000 - 0x00007ffe82344000 	C:\Windows\system32\IMM32.DLL
0x00007ffe80550000 - 0x00007ffe80689000 	C:\Windows\system32\MSCTF.dll
0x00007ffe55db0000 - 0x00007ffe55dbc000 	D:\mojtaba\jdk\bin\vcruntime140_1.dll
0x00007ffe55290000 - 0x00007ffe5531e000 	D:\mojtaba\jdk\bin\msvcp140.dll
0x00007ffe55da0000 - 0x00007ffe55da3000 	D:\mojtaba\jdk\bin\api-ms-win-crt-time-l1-1-0.dll
0x00007ffe55d90000 - 0x00007ffe55d93000 	D:\mojtaba\jdk\bin\api-ms-win-crt-utility-l1-1-0.dll
0x00007ffe36d70000 - 0x00007ffe37a30000 	D:\mojtaba\jdk\bin\server\jvm.dll
0x00007ffe7b560000 - 0x00007ffe7b569000 	C:\Windows\SYSTEM32\WSOCK32.dll
0x00007ffe7dcd0000 - 0x00007ffe7dcef000 	C:\Windows\SYSTEM32\WINMM.dll
0x00007ffe804e0000 - 0x00007ffe80538000 	C:\Windows\system32\WS2_32.dll
0x00007ffe7dca0000 - 0x00007ffe7dcca000 	C:\Windows\SYSTEM32\WINMMBASE.dll
0x00007ffe80b80000 - 0x00007ffe80b89000 	C:\Windows\system32\NSI.dll
0x00007ffe7fb80000 - 0x00007ffe7fbca000 	C:\Windows\SYSTEM32\cfgmgr32.dll
0x00007ffe7e7e0000 - 0x00007ffe7e806000 	C:\Windows\SYSTEM32\DEVOBJ.dll
0x00007ffe55d80000 - 0x00007ffe55d8a000 	D:\mojtaba\jdk\bin\jimage.dll
0x00007ffe674e0000 - 0x00007ffe67668000 	C:\Windows\SYSTEM32\DBGHELP.DLL
0x00007ffe797b0000 - 0x00007ffe797be000 	D:\mojtaba\jdk\bin\instrument.dll
0x00007ffe55260000 - 0x00007ffe55286000 	D:\mojtaba\jdk\bin\java.dll

dbghelp: loaded successfully - version: 4.0.5 - missing functions: none
symbol engine: initialized successfully - sym options: 0x614 - pdb path: .;D:\mojtaba\jdk\bin;C:\Windows\SYSTEM32;C:\Windows\WinSxS\amd64_microsoft.windows.common-controls_6595b64144ccf1df_6.0.9600.17031_none_6242a4b3ecbb55a1;D:\mojtaba\jdk\bin\server

VM Arguments:
jvm_args: -Dmaven.multiModuleProjectDirectory=D:\mojtaba\gitProjects\redis-client -Dmaven.home=C:\Users\Nikam\.m2\wrapper\dists\apache-maven-3.8.6-bin\1ks0nkde5v1pk9vtc31i9d0lcd\apache-maven-3.8.6 -Dclassworlds.conf=C:\Users\Nikam\.m2\wrapper\dists\apache-maven-3.8.6-bin\1ks0nkde5v1pk9vtc31i9d0lcd\apache-maven-3.8.6\bin\m2.conf -Dmaven.ext.class.path=D:\mojtaba\JetBrains\IntelliJ IDEA 2022.2.1\plugins\maven\lib\maven-event-listener.jar -javaagent:D:\mojtaba\JetBrains\IntelliJ IDEA 2022.2.1\lib\idea_rt.jar=59518:D:\mojtaba\JetBrains\IntelliJ IDEA 2022.2.1\bin -Dfile.encoding=UTF-8 -Dsun.stdout.encoding=UTF-8 -Dsun.stderr.encoding=UTF-8 
java_command: org.codehaus.classworlds.Launcher -Didea.version=2022.2.1 package
java_class_path (initial): C:\Users\Nikam\.m2\wrapper\dists\apache-maven-3.8.6-bin\1ks0nkde5v1pk9vtc31i9d0lcd\apache-maven-3.8.6\boot\plexus-classworlds-2.6.0.jar;C:\Users\Nikam\.m2\wrapper\dists\apache-maven-3.8.6-bin\1ks0nkde5v1pk9vtc31i9d0lcd\apache-maven-3.8.6\boot\plexus-classworlds.license
Launcher Type: SUN_STANDARD

[Global flags]
     intx CICompilerCount                          = 3                                         {product} {ergonomic}
     uint ConcGCThreads                            = 1                                         {product} {ergonomic}
     uint G1ConcRefinementThreads                  = 4                                         {product} {ergonomic}
   size_t G1HeapRegionSize                         = 1048576                                   {product} {ergonomic}
    uintx GCDrainStackTargetSize                   = 64                                        {product} {ergonomic}
   size_t InitialHeapSize                          = 134217728                                 {product} {ergonomic}
   size_t MarkStackSize                            = 4194304                                   {product} {ergonomic}
   size_t MaxHeapSize                              = 2118123520                                {product} {ergonomic}
   size_t MinHeapDeltaBytes                        = 1048576                                   {product} {ergonomic}
   size_t MinHeapSize                              = 8388608                                   {product} {ergonomic}
    uintx NonNMethodCodeHeapSize                   = 5832780                                {pd product} {ergonomic}
    uintx NonProfiledCodeHeapSize                  = 122912730                              {pd product} {ergonomic}
    uintx ProfiledCodeHeapSize                     = 122912730                              {pd product} {ergonomic}
    uintx ReservedCodeCacheSize                    = 251658240                              {pd product} {ergonomic}
     bool SegmentedCodeCache                       = true                                      {product} {ergonomic}
   size_t SoftMaxHeapSize                          = 2118123520                             {manageable} {ergonomic}
     bool UseCompressedClassPointers               = true                           {product lp64_product} {ergonomic}
     bool UseCompressedOops                        = true                           {product lp64_product} {ergonomic}
     bool UseG1GC                                  = true                                      {product} {ergonomic}
     bool UseLargePagesIndividualAllocation        = false                                  {pd product} {ergonomic}

Logging:
Log output configuration:
 #0: stdout all=warning uptime,level,tags foldmultilines=false
 #1: stderr all=off uptime,level,tags foldmultilines=false

Environment Variables:
JAVA_HOME=C:\Program Files\Java\jdk1.8.0_66
CLASSPATH=.;C:\Program Files (x86)\QuickTime\QTSystem\QTJava.zip
PATH=C:\Program Files\Common Files\Oracle\Java\javapath;C:\Program Files (x86)\Common Files\Oracle\Java\javapath;C:\ProgramData\Oracle\Java\javapath;C:\Program Files (x86)\NVIDIA Corporation\PhysX\Common;C:\Program Files (x86)\AMD APP\bin\x86_64;C:\Program Files (x86)\AMD APP\bin\x86;C:\Windows\system32;C:\Windows;C:\Windows\System32\Wbem;C:\Windows\System32\WindowsPowerShell\v1.0\;C:\Program Files (x86)\Intel\OpenCL SDK\3.0\bin\x86;C:\Program Files (x86)\Intel\OpenCL SDK\3.0\bin\x64;C:\Program Files (x86)\ATI Technologies\ATI.ACE\Core-Static;C:\Program Files (x86)\QuickTime\QTSystem\;C:\Program Files\Java\jdk1.8.0_66\bin;D:\mojtaba\androidsdk\tools;D:\mojtaba\androidsdk\platform-tools;D:\mojtaba\flutter_sdk\bin;C:\Program Files\dotnet\;C:\Program Files\Microsoft SQL Server\120\Tools\Binn\;C:\Program Files\Microsoft SQL Server\130\Tools\Binn\;C:\Program Files\Microsoft SQL Server\Client SDK\ODBC\170\Tools\Binn\;C:\Program Files (x86)\Microsoft SQL Server\140\Tools\Binn\;C:\Program Files\Microsoft SQL Server\140\Tools\Binn\;C:\Program Files (x86)\Microsoft SQL Server\140\DTS\Binn\;C:\Program Files\Microsoft SQL Server\140\DTS\Binn\;C:\Program Files\Microsoft SQL Server\Client SDK\ODBC\130\Tools\Binn\;C:\Program Files (x86)\Microsoft SQL Server\150\DTS\Binn\;C:\Program Files\Azure Data Studio\bin;%NVM_HOME%;%NVM_SYMLINK%;C:\Program Files\Git\cmd;C:\Users\Nikam\AppData\Roaming\npm;C:\Users\Nikam\.dotnet\tools;C:\Users\Nikam\AppData\Local\Programs\Microsoft VS Code\bin;C:\Program Files\Azure Data Studio\bin;C:\Users\Nikam\AppData\Roaming\nvm;C:\Program Files\nodejs;D:\mojtaba\Docker Toolbox
USERNAME=sadeghi
OS=Windows_NT
PROCESSOR_IDENTIFIER=Intel64 Family 6 Model 60 Stepping 3, GenuineIntel
TMP=C:\Users\Nikam\AppData\Local\Temp
TEMP=C:\Users\Nikam\AppData\Local\Temp



---------------  S Y S T E M  ---------------

OS:
 Windows 8.1 , 64 bit Build 9600 (6.3.9600.17056)
OS uptime: 0 days 5:00 hours

CPU: total 4 (initial active 4) (2 cores per cpu, 2 threads per core) family 6 model 60 stepping 3 microcode 0x17, cx8, cmov, fxsr, ht, mmx, sse, sse2, sse3, ssse3, sse4.1, sse4.2, popcnt, lzcnt, tsc, tscinvbit, avx, avx2, aes, erms, clmul, bmi1, bmi2, fma, vzeroupper, clflush, rdtscp

Memory: 4k page, system-wide physical 8073M (1065M free)
TotalPageFile size 10854M (AvailPageFile size 36M)
current process WorkingSet (physical memory assigned to process): 9M, peak: 9M
current process commit charge ("private bytes"): 52M, peak: 179M

vm_info: Java HotSpot(TM) 64-Bit Server VM (19.0.1+10-21) for windows-amd64 JRE (19.0.1+10-21), built on 2022-09-14T12:45:06Z by "mach5one" with MS VC++ 17.1 (VS2022)

END.
